e: file:///Users/aseemxs/IdeaProjects/jetbrains3/plugins/toolkit/jetbrains-gateway/src/software/aws/toolkits/jetbrains/gateway/CawsConnectorViewPanels.kt:477:60 Argument type mismatch: actual type is 'Job', but '@Nullable() JComponent?' was expected.

FAILURE: Build failed with an exception.

* What went wrong:
Execution failed for task ':plugin-toolkit:jetbrains-gateway:compileKotlin'.
> A failure occurred while executing org.jetbrains.kotlin.compilerRunner.GradleCompilerRunnerWithWorkers$GradleKotlinCompilerWorkAction
   > Compilation error. See log for more details

* Try:
> Run with --stacktrace option to get the stack trace.
> Run with --info or --debug option to get more log output.
> Get more help at https://help.gradle.org.

BUILD FAILED in 15s
